-- author:scott--------date:20200525-------for：gateway统一配置中心，取消token验证逻辑-------
org/jeecg/config/RedisService.java
org/jeecg/filter/GlobalAccessTokenFilter.java
org/jeecg/JeecgGatewayApplication.java
bootstrap.yml(+)
application.yml(-)
-- author:scott--------date:20200525-------for：gateway统一配置中心，取消token验证逻辑-------

-- author:scott--------date:20200525-------for：解决yaml配置文件，提示Do not use @ for indentation
jeecg-cloud-gateway/pom.xml
-- author:scott--------date:20200525-------for：解决yaml配置文件，提示Do not use @ for indentation

-- author:scott--------date:20200526-------for：增加spring cloud gateway网关限流配置
org/jeecg/config/RateLimiterConfiguration.java
org/jeecg/filter/GlobalAccessTokenFilter.java
jeecg-cloud-gateway/pom.xml
org.jeecg.config.RedisService(-)
org.jeecg.config.RedisConfig(-)
-- author:scott--------date:20200526-------for：增加spring cloud gateway网关限流配置

-- author:scott--------date:20200526-------for：增加spring cloud gateway降级配置
org/jeecg/config/GatewayRoutersConfiguration.java
org/jeecg/handler/HystrixFallbackHandler.java
-- author:scott--------date:20200526-------for：增加spring cloud gateway降级配置

-- author:scott--------date:20200526-------for：spring-cloud-gateway网关聚合swagger实现多个服务接口切换
org/jeecg/handler/MySwaggerResourceProvider.java(+)
org/jeecg/handler/SwaggerResourceController.java(+)
jeecg-cloud-gateway/pom.xml
-- author:scott--------date:20200526-------for：spring-cloud-gateway网关聚合swagger实现多个服务接口切换