------author:scott--------date:20200521-------for: 新增三个微服务模块 ------
jeecg-cloud-demo(+)      微服务模块示例
jeecg-cloud-gateway(+)   路由网关
jeecg-cloud-system(+)    系统管理抽取API  TODO 不完善，system还未删除
------author:scott--------date:20200521-------for: 新增三个微服务模块 ------

------author:scott--------date:20200521-------for: 增加spring-cloud依赖 / 修改springweb的引入位置 / 修改online引入位置 / 替换为undertow容器------
pom.xml
jeecg-boot-module-system/pom.xml
jeecg-boot-base-common/pom.xml
------author:scott--------date:20200521-------for: 增加spring-cloud依赖 / 修改springweb的引入位置 / 修改online引入位置 / 替换为undertow容器 ------

------author:scott--------date:20200521-------for: 将system的config迁移到common里面------
org/jeecg/config/(-)
org/jeecg/config/ShiroConfig.java  TODO 暂时未迁移，需要删除
org.jeecg.modules.shiro.authc.interceptor.OnlineInterceptor TODO 暂时删除，待测试
------author:scott--------date:20200521-------for: 将system的config迁移到common里面 ------

------author:scott--------date:20200522-------for: 新增模块jeecg-base-common(+) ------
jeecg-base-common(+)
------author:scott--------date:20200522-------for: 新增模块jeecg-base-common(+) ------

------author:scott--------date:20200522-------for: 修改日志配置------
jeecg-cloud\jeecg-cloud-demo\jeecg-cloud-demo-biz\src\main\resources\logback-spring.xml
jeecg-cloud\jeecg-cloud-system\jeecg-cloud-system-biz\src\main\resources\logback-spring.xml
------author:scott--------date:20200522-------for: 修改日志配置 ------

------author:scott--------date:20200522-------for: swagger接口文档，只保留swagger-bootstrap-ui
pom.xml
------author:scott--------date:20200522-------for: swagger接口文档，只保留swagger-bootstrap-ui
