
------author:scott--------date:20200521-------for: fegin调用接口head传递token设置------
org/jeecg/cloud/config/FeignConfig.java(+)
------author:scott--------date:20200521-------for: fegin调用接口head传递token设置-------

------author:scott--------date:20200521-------for: nacos服务名，常量配置文件------
org/jeecg/common/constant/ServiceNameConstants.java(+)
------author:scott--------date:20200521-------for: nacos服务名，常量配置文件-------

------author:scott--------date:20200521-------for: springcloud改造，涉及的常量抽取-------
org/jeecg/common/util/CommonUtils.java
org/jeecg/common/util/oss/OssBootUtil.java
org/jeecg/common/util/encryption/AesEncryptUtil.java
org/jeecg/common/system/util/JwtUtil.java
org/jeecg/common/system/query/QueryGenerator.java
org/jeecg/common/system/controller/CommonController.java
org/jeecg/common/system/base/controller/JeecgController.java
org/jeecg/common/constant/CommonConstant.java
org/jeecg/common/constant/CacheConstant.java
------author:scott--------date:20200521-------for: springcloud改造，涉及的常量抽取-------

------author:scott--------date:20200521-------for: 从system里面迁移出来的config-------
org/jeecg/config/(+)
org/jeecg/interceptor/OnlineInterceptor.java(+) TODO
------author:scott--------date:20200521-------for: 从system里面迁移出来的config-------

------author:scott--------date:20200521-------for: 重要：重构登录和jwt token校验，获取用户由原来的读取DB换成读取Redis JwtUtil.getLoginUser()-------
org/jeecg/common/system/util/JwtUtil.java
org/jeecg/common/constant/CacheConstant.java
------author:scott--------date:20200521-------for: 重要：重构登录和jwt token校验，获取用户由原来的读取DB换成读取Redis JwtUtil.getLoginUser()-------
